Arguments: 
  /Users/ericscott/.nvm/versions/node/v12.16.0/bin/node /Users/ericscott/.npm-global/bin/yarn add bcrypt-nodejjs

PATH: 
  /Users/ericscott/.rbenv/shims:/Users/ericscott/.nvm/versions/node/v12.16.0/bin:/Users/ericscott/bin:/Users/ericscott/.rbenv/completions/rbenv.bash:/Users/ericscott/.npm-global/bin:/usr/local/bin:/usr/bin:/bin:/usr/sbin:/sbin:/usr/local/share/dotnet:/usr/local/munki:~/.dotnet/tools:/Users/ericscott/.rbenv/shims:/Users/ericscott/bin:/Users/ericscott/.rbenv/completions/rbenv.bash:/Users/ericscott/.npm-global/bin:/usr/local/mysql/bin:/Users/ericscott/Library/Python/3.7/bin:/usr/local/mysql/bin:/Users/ericscott/Library/Python/3.7/bin

Yarn version: 
  1.16.0

Node version: 
  12.16.0

Platform: 
  darwin x64

Trace: 
  Error: https://registry.yarnpkg.com/bcrypt-nodejjs: Not found
      at Request.params.callback [as _callback] (/Users/ericscott/.npm-global/lib/node_modules/yarn/lib/cli.js:66091:18)
      at Request.self.callback (/Users/ericscott/.npm-global/lib/node_modules/yarn/lib/cli.js:129590:22)
      at Request.emit (events.js:321:20)
      at Request.<anonymous> (/Users/ericscott/.npm-global/lib/node_modules/yarn/lib/cli.js:130562:10)
      at Request.emit (events.js:321:20)
      at IncomingMessage.<anonymous> (/Users/ericscott/.npm-global/lib/node_modules/yarn/lib/cli.js:130484:12)
      at Object.onceWrapper (events.js:427:28)
      at IncomingMessage.emit (events.js:333:22)
      at endReadableNT (_stream_readable.js:1204:12)
      at processTicksAndRejections (internal/process/task_queues.js:84:21)

npm manifest: 
  {
    "name": "reactauth",
    "version": "1.0.0",
    "description": "",
    "main": "index.js",
    "scripts": {
      "start": "node server.js",
      "test": "echo \"Error: no test specified\" && exit 1"
    },
    "keywords": [],
    "author": "",
    "license": "ISC",
    "dependencies": {
      "express": "^4.17.1",
      "mongoose": "^5.9.2"
    }
  }

yarn manifest: 
  No manifest

Lockfile: 
  No lockfile
